{
  "RSpec": {
    "coverage": {
      "/home/nvr/fs-notes/app/models/user.rb": [
        1,
        null,
        null,
        1,
        null,
        null,
        1,
        null,
        1,
        null,
        1,
        1,
        null,
        null,
        null
      ],
      "/home/nvr/fs-notes/app/controllers/application_controller.rb": [
        1,
        1,
        null,
        1,
        null,
        1,
        12,
        null,
        null,
        null
      ],
      "/home/nvr/fs-notes/app/helpers/application_helper.rb": [
        1,
        null,
        1,
        null,
        1,
        53,
        53,
        null,
        null,
        1,
        4,
        2,
        null,
        2,
        null,
        null,
        null,
        null,
        null
      ],
      "/home/nvr/fs-notes/app/helpers/notes_helper.rb": [
        1,
        null
      ],
      "/home/nvr/fs-notes/app/helpers/static_pages_helper.rb": [
        1,
        null
      ],
      "/home/nvr/fs-notes/app/controllers/notes_controller.rb": [
        1,
        1,
        1,
        1,
        1,
        1,
        1,
        1,
        16,
        16,
        16,
        null,
        null,
        1,
        4,
        4,
        null,
        null,
        1,
        null,
        null,
        1,
        1,
        1,
        null,
        null,
        1,
        1,
        1,
        null,
        null,
        1,
        4,
        4,
        4,
        1,
        1,
        3,
        1,
        1,
        null,
        2,
        1,
        null,
        1,
        null,
        null,
        null,
        null,
        1,
        4,
        1,
        1,
        1,
        3,
        1,
        1,
        null,
        2,
        1,
        null,
        1,
        null,
        null,
        null,
        null,
        1,
        1,
        1,
        null,
        null,
        1,
        35,
        null,
        null,
        1,
        null,
        1,
        2,
        1,
        null,
        null,
        null,
        1,
        3,
        null,
        null,
        1,
        17,
        1,
        null,
        null,
        null,
        null
      ],
      "/home/nvr/fs-notes/app/models/note.rb": [
        1,
        null,
        1,
        1,
        1,
        null,
        null,
        1,
        null,
        1,
        null,
        1,
        null,
        1,
        null,
        1,
        null,
        1,
        19,
        null,
        null,
        null
      ],
      "/home/nvr/fs-notes/app/controllers/static_pages_controller.rb": [
        1,
        1,
        null,
        null,
        1,
        null,
        null,
        1,
        null,
        null,
        1,
        null,
        null,
        null
      ],
      "/home/nvr/fs-notes/app/controllers/topics_controller.rb": [
        1,
        null,
        1,
        null,
        null,
        null
      ],
      "/home/nvr/fs-notes/app/models/topic.rb": [
        1,
        1,
        null
      ]
    },
    "timestamp": 1321015836
  }
}
