{
  "RSpec": {
    "coverage": {
      "/home/nvr/fs-notes/app/models/user.rb": [
        1,
        null,
        null,
        1,
        null,
        null,
        1,
        null,
        1,
        null,
        1,
        0,
        null,
        null,
        null
      ],
      "/home/nvr/fs-notes/app/controllers/application_controller.rb": [
        1,
        1,
        null,
        1,
        null,
        1,
        1,
        null,
        null,
        null
      ],
      "/home/nvr/fs-notes/app/helpers/application_helper.rb": [
        1,
        null,
        1,
        null,
        1,
        0,
        0,
        null,
        null,
        1,
        0,
        0,
        null,
        0,
        null,
        null,
        null,
        null,
        null
      ],
      "/home/nvr/fs-notes/app/helpers/notes_helper.rb": [
        1,
        null
      ],
      "/home/nvr/fs-notes/app/helpers/static_pages_helper.rb": [
        1,
        null
      ],
      "/home/nvr/fs-notes/app/controllers/notes_controller.rb": [
        1,
        1,
        1,
        1,
        1,
        1,
        1,
        1,
        1,
        1,
        1,
        null,
        null,
        1,
        0,
        0,
        null,
        null,
        1,
        null,
        null,
        1,
        1,
        1,
        null,
        null,
        1,
        0,
        0,
        null,
        null,
        1,
        0,
        0,
        0,
        0,
        0,
        0,
        0,
        0,
        null,
        0,
        0,
        null,
        0,
        null,
        null,
        null,
        null,
        1,
        0,
        0,
        0,
        0,
        0,
        0,
        0,
        null,
        0,
        0,
        null,
        0,
        null,
        null,
        null,
        null,
        1,
        0,
        0,
        null,
        null,
        1,
        0,
        null,
        null,
        1,
        null,
        1,
        0,
        0,
        null,
        null,
        null,
        1,
        0,
        null,
        null,
        1,
        1,
        0,
        null,
        null,
        null,
        null
      ],
      "/home/nvr/fs-notes/app/models/note.rb": [
        1,
        null,
        1,
        0,
        0,
        null,
        null,
        1,
        null,
        1,
        null,
        1,
        null,
        1,
        null,
        1,
        null,
        1,
        2,
        null,
        null,
        null
      ],
      "/home/nvr/fs-notes/app/controllers/static_pages_controller.rb": [
        1,
        1,
        null,
        null,
        1,
        null,
        null,
        1,
        null,
        null,
        1,
        null,
        null,
        null
      ],
      "/home/nvr/fs-notes/app/controllers/topics_controller.rb": [
        1,
        null,
        1,
        null,
        null,
        null
      ],
      "/home/nvr/fs-notes/app/models/topic.rb": [
        1,
        1,
        null
      ]
    },
    "timestamp": 1320933823
  }
}
